This is pdfTeX, Version 3.14159265-2.6-1.40.20 (MiKTeX 2.9.7000 64-bit) (preloaded format=pdflatex 2019.5.15)  28 NOV 2019 13:42
entering extended mode
**./comp2208-cwk-report.tex
(comp2208-cwk-report.tex
LaTeX2e <2018-12-01>
("C:\Program Files\MiKTeX 2.9\tex/latex/base\article.cls"
Document Class: article 2018/09/03 v1.4i Standard LaTeX document class
("C:\Program Files\MiKTeX 2.9\tex/latex/base\size10.clo"
File: size10.clo 2018/09/03 v1.4i Standard LaTeX file (size option)
)
\c@part=\count80
\c@section=\count81
\c@subsection=\count82
\c@subsubsection=\count83
\c@paragraph=\count84
\c@subparagraph=\count85
\c@figure=\count86
\c@table=\count87
\abovecaptionskip=\skip41
\belowcaptionskip=\skip42
\bibindent=\dimen102
)
("C:\Program Files\MiKTeX 2.9\tex/latex/base\inputenc.sty"
Package: inputenc 2018/08/11 v1.3c Input encoding file
\inpenc@prehook=\toks14
\inpenc@posthook=\toks15
)
("C:\Program Files\MiKTeX 2.9\tex/latex/fancyhdr\fancyhdr.sty"
Package: fancyhdr 2019/01/31 v3.10 Extensive control of page headers and footer
s
\f@nch@headwidth=\skip43
\f@nch@O@elh=\skip44
\f@nch@O@erh=\skip45
\f@nch@O@olh=\skip46
\f@nch@O@orh=\skip47
\f@nch@O@elf=\skip48
\f@nch@O@erf=\skip49
\f@nch@O@olf=\skip50
\f@nch@O@orf=\skip51
)
("C:\Program Files\MiKTeX 2.9\tex/latex/parskip\parskip.sty"
Package: parskip 2019-01-16 v2.0c non-zero parskip adjustments

("C:\Program Files\MiKTeX 2.9\tex/latex/oberdiek\kvoptions.sty"
Package: kvoptions 2016/05/16 v3.12 Key value format for package options (HO)

("C:\Program Files\MiKTeX 2.9\tex/latex/graphics\keyval.sty"
Package: keyval 2014/10/28 v1.15 key=value parser (DPC)
\KV@toks@=\toks16
)
("C:\Program Files\MiKTeX 2.9\tex/generic/oberdiek\ltxcmds.sty"
Package: ltxcmds 2016/05/16 v1.23 LaTeX kernel commands for general use (HO)
)
("C:\Program Files\MiKTeX 2.9\tex/generic/oberdiek\kvsetkeys.sty"
Package: kvsetkeys 2016/05/16 v1.17 Key value parser (HO)

("C:\Program Files\MiKTeX 2.9\tex/generic/oberdiek\infwarerr.sty"
Package: infwarerr 2016/05/16 v1.4 Providing info/warning/error messages (HO)
)
("C:\Program Files\MiKTeX 2.9\tex/generic/oberdiek\etexcmds.sty"
Package: etexcmds 2016/05/16 v1.6 Avoid name clashes with e-TeX commands (HO)

("C:\Program Files\MiKTeX 2.9\tex/generic/oberdiek\ifluatex.sty"
Package: ifluatex 2016/05/16 v1.4 Provides the ifluatex switch (HO)
Package ifluatex Info: LuaTeX not detected.
))))
("C:\Program Files\MiKTeX 2.9\tex/latex/etoolbox\etoolbox.sty"
Package: etoolbox 2018/08/19 v2.5f e-TeX tools for LaTeX (JAW)
\etb@tempcnta=\count88
))
("C:\Program Files\MiKTeX 2.9\tex/latex/tools\multicol.sty"
Package: multicol 2018/12/27 v1.8v multicolumn formatting (FMi)
\c@tracingmulticols=\count89
\mult@box=\box27
\multicol@leftmargin=\dimen103
\c@unbalance=\count90
\c@collectmore=\count91
\doublecol@number=\count92
\multicoltolerance=\count93
\multicolpretolerance=\count94
\full@width=\dimen104
\page@free=\dimen105
\premulticols=\dimen106
\postmulticols=\dimen107
\multicolsep=\skip52
\multicolbaselineskip=\skip53
\partial@page=\box28
\last@line=\box29
\maxbalancingoverflow=\dimen108
\mult@rightbox=\box30
\mult@grightbox=\box31
\mult@gfirstbox=\box32
\mult@firstbox=\box33
\@tempa=\box34
\@tempa=\box35
\@tempa=\box36
\@tempa=\box37
\@tempa=\box38
\@tempa=\box39
\@tempa=\box40
\@tempa=\box41
\@tempa=\box42
\@tempa=\box43
\@tempa=\box44
\@tempa=\box45
\@tempa=\box46
\@tempa=\box47
\@tempa=\box48
\@tempa=\box49
\@tempa=\box50
\c@columnbadness=\count95
\c@finalcolumnbadness=\count96
\last@try=\dimen109
\multicolovershoot=\dimen110
\multicolundershoot=\dimen111
\mult@nat@firstbox=\box51
\colbreak@box=\box52
\mc@col@check@num=\count97
)
("C:\Program Files\MiKTeX 2.9\tex/latex/geometry\geometry.sty"
Package: geometry 2018/04/16 v5.8 Page Geometry

("C:\Program Files\MiKTeX 2.9\tex/generic/oberdiek\ifpdf.sty"
Package: ifpdf 2018/09/07 v3.3 Provides the ifpdf switch
)
("C:\Program Files\MiKTeX 2.9\tex/generic/oberdiek\ifvtex.sty"
Package: ifvtex 2016/05/16 v1.6 Detect VTeX and its facilities (HO)
Package ifvtex Info: VTeX not detected.
)
("C:\Program Files\MiKTeX 2.9\tex/generic/ifxetex\ifxetex.sty"
Package: ifxetex 2010/09/12 v0.6 Provides ifxetex conditional
)
\Gm@cnth=\count98
\Gm@cntv=\count99
\c@Gm@tempcnt=\count100
\Gm@bindingoffset=\dimen112
\Gm@wd@mp=\dimen113
\Gm@odd@mp=\dimen114
\Gm@even@mp=\dimen115
\Gm@layoutwidth=\dimen116
\Gm@layoutheight=\dimen117
\Gm@layouthoffset=\dimen118
\Gm@layoutvoffset=\dimen119
\Gm@dimlist=\toks17

("C:\Program Files\MiKTeX 2.9\tex/latex/geometry\geometry.cfg"))
("C:\Program Files\MiKTeX 2.9\tex/latex/graphics\graphicx.sty"
Package: graphicx 2017/06/01 v1.1a Enhanced LaTeX Graphics (DPC,SPQR)

("C:\Program Files\MiKTeX 2.9\tex/latex/graphics\graphics.sty"
Package: graphics 2017/06/25 v1.2c Standard LaTeX Graphics (DPC,SPQR)

("C:\Program Files\MiKTeX 2.9\tex/latex/graphics\trig.sty"
Package: trig 2016/01/03 v1.10 sin cos tan (DPC)
)
("C:\Program Files\MiKTeX 2.9\tex/latex/graphics-cfg\graphics.cfg"
File: graphics.cfg 2016/06/04 v1.11 sample graphics configuration
)
Package graphics Info: Driver file: pdftex.def on input line 99.

("C:\Program Files\MiKTeX 2.9\tex/latex/graphics-def\pdftex.def"
File: pdftex.def 2018/01/08 v1.0l Graphics/color driver for pdftex
))
\Gin@req@height=\dimen120
\Gin@req@width=\dimen121
)
("C:\Program Files\MiKTeX 2.9\tex/latex/listings\listings.sty"
\lst@mode=\count101
\lst@gtempboxa=\box53
\lst@token=\toks18
\lst@length=\count102
\lst@currlwidth=\dimen122
\lst@column=\count103
\lst@pos=\count104
\lst@lostspace=\dimen123
\lst@width=\dimen124
\lst@newlines=\count105
\lst@lineno=\count106
\lst@maxwidth=\dimen125

("C:\Program Files\MiKTeX 2.9\tex/latex/listings\lstmisc.sty"
File: lstmisc.sty 2019/02/27 1.8b (Carsten Heinz)
\c@lstnumber=\count107
\lst@skipnumbers=\count108
\lst@framebox=\box54
)
("C:\Program Files\MiKTeX 2.9\tex/latex/listings\listings.cfg"
File: listings.cfg 2019/02/27 1.8b listings configuration
))
Package: listings 2019/02/27 1.8b (Carsten Heinz)

("C:\Program Files\MiKTeX 2.9\tex/latex/lm\lmodern.sty"
Package: lmodern 2009/10/30 v1.6 Latin Modern Fonts
LaTeX Font Info:    Overwriting symbol font `operators' in version `normal'
(Font)                  OT1/cmr/m/n --> OT1/lmr/m/n on input line 22.
LaTeX Font Info:    Overwriting symbol font `letters' in version `normal'
(Font)                  OML/cmm/m/it --> OML/lmm/m/it on input line 23.
LaTeX Font Info:    Overwriting symbol font `symbols' in version `normal'
(Font)                  OMS/cmsy/m/n --> OMS/lmsy/m/n on input line 24.
LaTeX Font Info:    Overwriting symbol font `largesymbols' in version `normal'
(Font)                  OMX/cmex/m/n --> OMX/lmex/m/n on input line 25.
LaTeX Font Info:    Overwriting symbol font `operators' in version `bold'
(Font)                  OT1/cmr/bx/n --> OT1/lmr/bx/n on input line 26.
LaTeX Font Info:    Overwriting symbol font `letters' in version `bold'
(Font)                  OML/cmm/b/it --> OML/lmm/b/it on input line 27.
LaTeX Font Info:    Overwriting symbol font `symbols' in version `bold'
(Font)                  OMS/cmsy/b/n --> OMS/lmsy/b/n on input line 28.
LaTeX Font Info:    Overwriting symbol font `largesymbols' in version `bold'
(Font)                  OMX/cmex/m/n --> OMX/lmex/m/n on input line 29.
LaTeX Font Info:    Overwriting math alphabet `\mathbf' in version `normal'
(Font)                  OT1/cmr/bx/n --> OT1/lmr/bx/n on input line 31.
LaTeX Font Info:    Overwriting math alphabet `\mathsf' in version `normal'
(Font)                  OT1/cmss/m/n --> OT1/lmss/m/n on input line 32.
LaTeX Font Info:    Overwriting math alphabet `\mathit' in version `normal'
(Font)                  OT1/cmr/m/it --> OT1/lmr/m/it on input line 33.
LaTeX Font Info:    Overwriting math alphabet `\mathtt' in version `normal'
(Font)                  OT1/cmtt/m/n --> OT1/lmtt/m/n on input line 34.
LaTeX Font Info:    Overwriting math alphabet `\mathbf' in version `bold'
(Font)                  OT1/cmr/bx/n --> OT1/lmr/bx/n on input line 35.
LaTeX Font Info:    Overwriting math alphabet `\mathsf' in version `bold'
(Font)                  OT1/cmss/bx/n --> OT1/lmss/bx/n on input line 36.
LaTeX Font Info:    Overwriting math alphabet `\mathit' in version `bold'
(Font)                  OT1/cmr/bx/it --> OT1/lmr/bx/it on input line 37.
LaTeX Font Info:    Overwriting math alphabet `\mathtt' in version `bold'
(Font)                  OT1/cmtt/m/n --> OT1/lmtt/m/n on input line 38.
)
("C:\Program Files\MiKTeX 2.9\tex/latex/amsmath\amsmath.sty"
Package: amsmath 2018/12/01 v2.17b AMS math features
\@mathmargin=\skip54

For additional information on amsmath, use the `?' option.
("C:\Program Files\MiKTeX 2.9\tex/latex/amsmath\amstext.sty"
Package: amstext 2000/06/29 v2.01 AMS text

("C:\Program Files\MiKTeX 2.9\tex/latex/amsmath\amsgen.sty"
File: amsgen.sty 1999/11/30 v2.0 generic functions
\@emptytoks=\toks19
\ex@=\dimen126
))
("C:\Program Files\MiKTeX 2.9\tex/latex/amsmath\amsbsy.sty"
Package: amsbsy 1999/11/29 v1.2d Bold Symbols
\pmbraise@=\dimen127
)
("C:\Program Files\MiKTeX 2.9\tex/latex/amsmath\amsopn.sty"
Package: amsopn 2016/03/08 v2.02 operator names
)
\inf@bad=\count109
LaTeX Info: Redefining \frac on input line 223.
\uproot@=\count110
\leftroot@=\count111
LaTeX Info: Redefining \overline on input line 385.
\classnum@=\count112
\DOTSCASE@=\count113
LaTeX Info: Redefining \ldots on input line 482.
LaTeX Info: Redefining \dots on input line 485.
LaTeX Info: Redefining \cdots on input line 606.
\Mathstrutbox@=\box55
\strutbox@=\box56
\big@size=\dimen128
LaTeX Font Info:    Redeclaring font encoding OML on input line 729.
LaTeX Font Info:    Redeclaring font encoding OMS on input line 730.
\macc@depth=\count114
\c@MaxMatrixCols=\count115
\dotsspace@=\muskip10
\c@parentequation=\count116
\dspbrk@lvl=\count117
\tag@help=\toks20
\row@=\count118
\column@=\count119
\maxfields@=\count120
\andhelp@=\toks21
\eqnshift@=\dimen129
\alignsep@=\dimen130
\tagshift@=\dimen131
\tagwidth@=\dimen132
\totwidth@=\dimen133
\lineht@=\dimen134
\@envbody=\toks22
\multlinegap=\skip55
\multlinetaggap=\skip56
\mathdisplay@stack=\toks23
LaTeX Info: Redefining \[ on input line 2844.
LaTeX Info: Redefining \] on input line 2845.
)
("C:\Program Files\MiKTeX 2.9\tex/latex/xcolor\xcolor.sty"
Package: xcolor 2016/05/11 v2.12 LaTeX color extensions (UK)

("C:\Program Files\MiKTeX 2.9\tex/latex/graphics-cfg\color.cfg"
File: color.cfg 2016/01/02 v1.6 sample color configuration
)
Package xcolor Info: Driver file: pdftex.def on input line 225.
Package xcolor Info: Model `cmy' substituted by `cmy0' on input line 1348.
Package xcolor Info: Model `hsb' substituted by `rgb' on input line 1352.
Package xcolor Info: Model `RGB' extended on input line 1364.
Package xcolor Info: Model `HTML' substituted by `rgb' on input line 1366.
Package xcolor Info: Model `Hsb' substituted by `hsb' on input line 1367.
Package xcolor Info: Model `tHsb' substituted by `hsb' on input line 1368.
Package xcolor Info: Model `HSB' substituted by `hsb' on input line 1369.
Package xcolor Info: Model `Gray' substituted by `gray' on input line 1370.
Package xcolor Info: Model `wave' substituted by `hsb' on input line 1371.
)
("C:\Program Files\MiKTeX 2.9\tex/latex/appendix\appendix.sty"
Package: appendix 2009/09/02 v1.2b extra appendix facilities
\c@@pps=\count121
\c@@ppsavesec=\count122
\c@@ppsaveapp=\count123
)
(comp2208-cwk-report.aux)
\openout1 = `comp2208-cwk-report.aux'.

LaTeX Font Info:    Checking defaults for OML/cmm/m/it on input line 34.
LaTeX Font Info:    ... okay on input line 34.
LaTeX Font Info:    Checking defaults for T1/cmr/m/n on input line 34.
LaTeX Font Info:    ... okay on input line 34.
LaTeX Font Info:    Checking defaults for OT1/cmr/m/n on input line 34.
LaTeX Font Info:    ... okay on input line 34.
LaTeX Font Info:    Checking defaults for OMS/cmsy/m/n on input line 34.
LaTeX Font Info:    ... okay on input line 34.
LaTeX Font Info:    Checking defaults for OMX/cmex/m/n on input line 34.
LaTeX Font Info:    ... okay on input line 34.
LaTeX Font Info:    Checking defaults for U/cmr/m/n on input line 34.
LaTeX Font Info:    ... okay on input line 34.
LaTeX Font Info:    Try loading font information for OT1+lmr on input line 34.
 ("C:\Program Files\MiKTeX 2.9\tex/latex/lm\ot1lmr.fd"
File: ot1lmr.fd 2009/10/30 v1.6 Font defs for Latin Modern
)
*geometry* driver: auto-detecting
*geometry* detected driver: pdftex
*geometry* verbose mode - [ preamble ] result:
* driver: pdftex
* paper: a4paper
* layout: <same size as paper>
* layoutoffset:(h,v)=(0.0pt,0.0pt)
* modes: 
* h-part:(L,W,R)=(81.94394pt, 433.62pt, 81.94394pt)
* v-part:(T,H,B)=(106.75473pt, 578.15999pt, 160.13213pt)
* \paperwidth=597.50787pt
* \paperheight=845.04684pt
* \textwidth=433.62pt
* \textheight=578.15999pt
* \oddsidemargin=9.67395pt
* \evensidemargin=9.67395pt
* \topmargin=-2.51526pt
* \headheight=12.0pt
* \headsep=25.0pt
* \topskip=10.0pt
* \footskip=30.0pt
* \marginparwidth=65.0pt
* \marginparsep=11.0pt
* \columnsep=10.0pt
* \skip\footins=9.0pt plus 4.0pt minus 2.0pt
* \hoffset=0.0pt
* \voffset=0.0pt
* \mag=1000
* \@twocolumnfalse
* \@twosidefalse
* \@mparswitchfalse
* \@reversemarginfalse
* (1in=72.27pt=25.4mm, 1cm=28.453pt)

("C:\Program Files\MiKTeX 2.9\tex/context/base/mkii\supp-pdf.mkii"
[Loading MPS to PDF converter (version 2006.09.02).]
\scratchcounter=\count124
\scratchdimen=\dimen135
\scratchbox=\box57
\nofMPsegments=\count125
\nofMParguments=\count126
\everyMPshowfont=\toks24
\MPscratchCnt=\count127
\MPscratchDim=\dimen136
\MPnumerator=\count128
\makeMPintoPDFobject=\count129
\everyMPtoPDFconversion=\toks25
) ("C:\Program Files\MiKTeX 2.9\tex/latex/oberdiek\epstopdf-base.sty"
Package: epstopdf-base 2016/05/15 v2.6 Base part for package epstopdf

("C:\Program Files\MiKTeX 2.9\tex/latex/oberdiek\grfext.sty"
Package: grfext 2016/05/16 v1.2 Manage graphics extensions (HO)

("C:\Program Files\MiKTeX 2.9\tex/generic/oberdiek\kvdefinekeys.sty"
Package: kvdefinekeys 2016/05/16 v1.4 Define keys (HO)
))
("C:\Program Files\MiKTeX 2.9\tex/generic/oberdiek\pdftexcmds.sty"
Package: pdftexcmds 2018/09/10 v0.29 Utility functions of pdfTeX for LuaTeX (HO
)
Package pdftexcmds Info: LuaTeX not detected.
Package pdftexcmds Info: \pdf@primitive is available.
Package pdftexcmds Info: \pdf@ifprimitive is available.
Package pdftexcmds Info: \pdfdraftmode found.
)
Package epstopdf-base Info: Redefining graphics rule for `.eps' on input line 4
38.
Package grfext Info: Graphics extension search list:
(grfext)             [.pdf,.png,.jpg,.mps,.jpeg,.jbig2,.jb2,.PDF,.PNG,.JPG,.JPE
G,.JBIG2,.JB2,.eps]
(grfext)             \AppendGraphicsExtensions on input line 456.
)
\c@lstlisting=\count130
LaTeX Font Info:    Try loading font information for OML+lmm on input line 35.

("C:\Program Files\MiKTeX 2.9\tex/latex/lm\omllmm.fd"
File: omllmm.fd 2009/10/30 v1.6 Font defs for Latin Modern
)
LaTeX Font Info:    Try loading font information for OMS+lmsy on input line 35.


("C:\Program Files\MiKTeX 2.9\tex/latex/lm\omslmsy.fd"
File: omslmsy.fd 2009/10/30 v1.6 Font defs for Latin Modern
)
LaTeX Font Info:    Try loading font information for OMX+lmex on input line 35.


("C:\Program Files\MiKTeX 2.9\tex/latex/lm\omxlmex.fd"
File: omxlmex.fd 2009/10/30 v1.6 Font defs for Latin Modern
)
LaTeX Font Info:    External font `lmex10' loaded for size
(Font)              <12> on input line 35.
LaTeX Font Info:    External font `lmex10' loaded for size
(Font)              <8> on input line 35.
LaTeX Font Info:    External font `lmex10' loaded for size
(Font)              <6> on input line 35.
 [1

{C:/Users/Dan/AppData/Local/MiKTeX/2.9/pdftex/config/pdftex.map}]
LaTeX Font Info:    External font `lmex10' loaded for size
(Font)              <10> on input line 46.
LaTeX Font Info:    External font `lmex10' loaded for size
(Font)              <7> on input line 46.
LaTeX Font Info:    External font `lmex10' loaded for size
(Font)              <5> on input line 46.
LaTeX Font Info:    Try loading font information for OMS+lmr on input line 49.

("C:\Program Files\MiKTeX 2.9\tex/latex/lm\omslmr.fd"
File: omslmr.fd 2009/10/30 v1.6 Font defs for Latin Modern
)
LaTeX Font Info:    Font shape `OMS/lmr/m/n' in size <10> not available
(Font)              Font shape `OMS/lmsy/m/n' tried instead on input line 49.
 [2]
<./images/BFS-1-1.png, id=14, 477.785pt x 437.13312pt>
File: ./images/BFS-1-1.png Graphic file (type png)
<use ./images/BFS-1-1.png>
Package pdftex.def Info: ./images/BFS-1-1.png  used on input line 80.
(pdftex.def)             Requested size: 473.94907pt x 433.61998pt.

Overfull \hbox (40.32907pt too wide) in paragraph at lines 80--81
 [][] 
 []

[3 <./images/BFS-1-1.png>]
<./images/BFS-1-2-1.png, id=20, 219.33693pt x 316.37077pt>
File: ./images/BFS-1-2-1.png Graphic file (type png)
<use ./images/BFS-1-2-1.png>
Package pdftex.def Info: ./images/BFS-1-2-1.png  used on input line 85.
(pdftex.def)             Requested size: 130.08731pt x 187.64192pt.
<./images/BFS-1-2-2.png, id=21, 224.89615pt x 252.6923pt>
File: ./images/BFS-1-2-2.png Graphic file (type png)
<use ./images/BFS-1-2-2.png>
Package pdftex.def Info: ./images/BFS-1-2-2.png  used on input line 87.
(pdftex.def)             Requested size: 130.08731pt x 146.16833pt.
<./images/BFS-1-2-3.png, id=22, 223.38pt x 389.65154pt>
File: ./images/BFS-1-2-3.png Graphic file (type png)
<use ./images/BFS-1-2-3.png>
Package pdftex.def Info: ./images/BFS-1-2-3.png  used on input line 89.
(pdftex.def)             Requested size: 130.08731pt x 226.9196pt.

Overfull \hbox (23.48431pt too wide) in paragraph at lines 85--90
[][]
 []


Overfull \hbox (23.48431pt too wide) in paragraph at lines 85--90
[]
 []


Overfull \hbox (23.48431pt too wide) in paragraph at lines 85--90
[] 
 []

<./images/BFS-1-3.png, id=23, 227.85126pt x 252.945pt>
File: ./images/BFS-1-3.png Graphic file (type png)
<use ./images/BFS-1-3.png>
Package pdftex.def Info: ./images/BFS-1-3.png  used on input line 95.
(pdftex.def)             Requested size: 227.8507pt x 252.94438pt.
<./images/BFS-1-4.png, id=24, 225.40154pt x 383.08154pt>
File: ./images/BFS-1-4.png Graphic file (type png)
<use ./images/BFS-1-4.png>
Package pdftex.def Info: ./images/BFS-1-4.png  used on input line 101.
(pdftex.def)             Requested size: 225.40097pt x 383.08061pt.
[4 <./images/BFS-1-2-1.png> <./images/BFS-1-2-2.png> <./images/BFS-1-2-3.png> <
./images/BFS-1-3.png>] [5 <./images/BFS-1-4.png>]
<./images/BFS-1-5.png, id=36, 246.62769pt x 428.56615pt>
File: ./images/BFS-1-5.png Graphic file (type png)
<use ./images/BFS-1-5.png>
Package pdftex.def Info: ./images/BFS-1-5.png  used on input line 111.
(pdftex.def)             Requested size: 133.08287pt x 231.26045pt.
<./images/BFS-1-6.png, id=37, 389.14615pt x 342.65077pt>
File: ./images/BFS-1-6.png Graphic file (type png)
<use ./images/BFS-1-6.png>
Package pdftex.def Info: ./images/BFS-1-6.png  used on input line 118.
(pdftex.def)             Requested size: 216.68527pt x 190.79385pt.
 [6 <./images/BFS-1-5.png> <./images/BFS-1-6.png>]
<./images/BFS-2-1.png, id=43, 477.58846pt x 379.03847pt>
File: ./images/BFS-2-1.png Graphic file (type png)
<use ./images/BFS-2-1.png>
Package pdftex.def Info: ./images/BFS-2-1.png  used on input line 130.
(pdftex.def)             Requested size: 433.62pt x 344.15631pt.
 [7 <./images/BFS-2-1.png>]
<./images/BFS-2-2-1.png, id=49, 216.30461pt x 317.38155pt>
File: ./images/BFS-2-2-1.png Graphic file (type png)
<use ./images/BFS-2-2-1.png>
Package pdftex.def Info: ./images/BFS-2-2-1.png  used on input line 136.
(pdftex.def)             Requested size: 173.44534pt x 254.50125pt.
<./images/BFS-2-2-2.png, id=50, 226.9177pt x 321.93pt>
File: ./images/BFS-2-2-2.png Graphic file (type png)
<use ./images/BFS-2-2-2.png>
Package pdftex.def Info: ./images/BFS-2-2-2.png  used on input line 138.
(pdftex.def)             Requested size: 173.44534pt x 246.07915pt.

Underfull \hbox (badness 10000) in paragraph at lines 136--139
[][]
 []

<./images/BFS-2-3.png, id=51, 685.30154pt x 530.65384pt>
File: ./images/BFS-2-3.png Graphic file (type png)
<use ./images/BFS-2-3.png>
Package pdftex.def Info: ./images/BFS-2-3.png  used on input line 147.
(pdftex.def)             Requested size: 298.65797pt x 231.26045pt.
[8 <./images/BFS-2-2-1.png> <./images/BFS-2-2-2.png> <./images/BFS-2-3.png>]
<./images/DFS-1-1.png, id=58, 477.08308pt x 501.34154pt>
File: ./images/DFS-1-1.png Graphic file (type png)
<use ./images/DFS-1-1.png>
Package pdftex.def Info: ./images/DFS-1-1.png  used on input line 157.
(pdftex.def)             Requested size: 216.81pt x 227.83536pt.
<./images/DFS-1-2.png, id=59, 228.43385pt x 318.3923pt>
File: ./images/DFS-1-2.png Graphic file (type png)
<use ./images/DFS-1-2.png>
Package pdftex.def Info: ./images/DFS-1-2.png  used on input line 159.
(pdftex.def)             Requested size: 173.44534pt x 241.75717pt.

Overfull \hbox (28.45276pt too wide) in paragraph at lines 157--160
[][]
 []

[9 <./images/DFS-1-1.png> <./images/DFS-1-2.png>]
<./images/DFS-1-3.png, id=65, 236.01462pt x 379.03847pt>
File: ./images/DFS-1-3.png Graphic file (type png)
<use ./images/DFS-1-3.png>
Package pdftex.def Info: ./images/DFS-1-3.png  used on input line 166.
(pdftex.def)             Requested size: 173.44534pt x 278.56389pt.
<./images/DFS-1-4.png, id=66, 228.93922pt x 314.34923pt>
File: ./images/DFS-1-4.png Graphic file (type png)
<use ./images/DFS-1-4.png>
Package pdftex.def Info: ./images/DFS-1-4.png  used on input line 168.
(pdftex.def)             Requested size: 173.44534pt x 238.15002pt.

Underfull \hbox (badness 10000) in paragraph at lines 166--169
[][]
 []

[10 <./images/DFS-1-3.png> <./images/DFS-1-4.png>]
<./images/DFS-1-5.png, id=72, 253.1977pt x 314.85461pt>
File: ./images/DFS-1-5.png Graphic file (type png)
<use ./images/DFS-1-5.png>
Package pdftex.def Info: ./images/DFS-1-5.png  used on input line 175.
(pdftex.def)             Requested size: 173.44534pt x 215.6885pt.
<./images/DFS-1-6.png, id=73, 249.66pt x 388.13539pt>
File: ./images/DFS-1-6.png Graphic file (type png)
<use ./images/DFS-1-6.png>
Package pdftex.def Info: ./images/DFS-1-6.png  used on input line 177.
(pdftex.def)             Requested size: 173.44534pt x 269.64966pt.

Underfull \hbox (badness 10000) in paragraph at lines 175--178
[][]
 []

[11 <./images/DFS-1-5.png> <./images/DFS-1-6.png>]
<./images/DFS-2-1.png, id=79, 229.95pt x 321.42462pt>
File: ./images/DFS-2-1.png Graphic file (type png)
<use ./images/DFS-2-1.png>
Package pdftex.def Info: ./images/DFS-2-1.png  used on input line 186.
(pdftex.def)             Requested size: 173.44534pt x 242.45094pt.
<./images/DFS-2-2.png, id=80, 227.42308pt x 322.43538pt>
File: ./images/DFS-2-2.png Graphic file (type png)
<use ./images/DFS-2-2.png>
Package pdftex.def Info: ./images/DFS-2-2.png  used on input line 188.
(pdftex.def)             Requested size: 173.44534pt x 245.90459pt.

Underfull \hbox (badness 10000) in paragraph at lines 186--189
[][]
 []

[12 <./images/DFS-2-1.png> <./images/DFS-2-2.png>]
<./images/DFS-2-3.png, id=86, 273.91846pt x 470.00769pt>
File: ./images/DFS-2-3.png Graphic file (type png)
<use ./images/DFS-2-3.png>
Package pdftex.def Info: ./images/DFS-2-3.png  used on input line 196.
(pdftex.def)             Requested size: 235.8662pt x 404.71022pt.
<./images/DFS-2-4.png, id=87, 905.64923pt x 27.79616pt>
File: ./images/DFS-2-4.png Graphic file (type png)
<use ./images/DFS-2-4.png>
Package pdftex.def Info: ./images/DFS-2-4.png  used on input line 203.
(pdftex.def)             Requested size: 433.62pt x 13.3089pt.
 [13 <./images/DFS-2-3.png> <./images/DFS-2-4.png>]
<./images/DFS-2-5.png, id=94, 265.32692pt x 406.83461pt>
File: ./images/DFS-2-5.png Graphic file (type png)
<use ./images/DFS-2-5.png>
Package pdftex.def Info: ./images/DFS-2-5.png  used on input line 211.
(pdftex.def)             Requested size: 226.24957pt x 346.89952pt.
 [14 <./images/DFS-2-5.png>]
<./images/IDS-1-1.png, id=99, 477.08308pt x 445.74924pt>
File: ./images/IDS-1-1.png Graphic file (type png)
<use ./images/IDS-1-1.png>
Package pdftex.def Info: ./images/IDS-1-1.png  used on input line 222.
(pdftex.def)             Requested size: 433.18536pt x 404.71022pt.
 [15 <./images/IDS-1-1.png>]
<./images/IDS-1-2.png, id=104, 225.40154pt x 324.96231pt>
File: ./images/IDS-1-2.png Graphic file (type png)
<use ./images/IDS-1-2.png>
Package pdftex.def Info: ./images/IDS-1-2.png  used on input line 230.
(pdftex.def)             Requested size: 280.7366pt x 404.71022pt.

[16 <./images/IDS-1-2.png>]
<./images/IDS-1-3-1.png, id=109, 226.41231pt x 321.42462pt>
File: ./images/IDS-1-3-1.png Graphic file (type png)
<use ./images/IDS-1-3-1.png>
Package pdftex.def Info: ./images/IDS-1-3-1.png  used on input line 236.
(pdftex.def)             Requested size: 130.08731pt x 184.68039pt.
<./images/IDS-1-3-2.png, id=110, 218.32616pt x 254.71385pt>
File: ./images/IDS-1-3-2.png Graphic file (type png)
<use ./images/IDS-1-3-2.png>
Package pdftex.def Info: ./images/IDS-1-3-2.png  used on input line 238.
(pdftex.def)             Requested size: 130.08731pt x 151.77621pt.
<./images/IDS-1-3-3.png, id=111, 223.38pt x 382.57616pt>
File: ./images/IDS-1-3-3.png Graphic file (type png)
<use ./images/IDS-1-3-3.png>
Package pdftex.def Info: ./images/IDS-1-3-3.png  used on input line 240.
(pdftex.def)             Requested size: 130.08731pt x 222.79915pt.

Overfull \hbox (23.48431pt too wide) in paragraph at lines 236--241
[][]
 []


Overfull \hbox (23.48431pt too wide) in paragraph at lines 236--241
[]
 []


Overfull \hbox (23.48431pt too wide) in paragraph at lines 236--241
[] 
 []

[17 <./images/IDS-1-3-1.png> <./images/IDS-1-3-2.png> <./images/IDS-1-3-3.png>]
<./images/IDS-1-4.png, id=118, 234.49846pt x 380.04922pt>
File: ./images/IDS-1-4.png Graphic file (type png)
<use ./images/IDS-1-4.png>
Package pdftex.def Info: ./images/IDS-1-4.png  used on input line 248.
(pdftex.def)             Requested size: 249.7229pt x 404.71022pt.
[18 <./images/IDS-1-4.png>]
<./images/IDS-1-5-1.png, id=123, 235.00385pt x 314.85461pt>
File: ./images/IDS-1-5-1.png Graphic file (type png)
<use ./images/IDS-1-5-1.png>
Package pdftex.def Info: ./images/IDS-1-5-1.png  used on input line 254.
(pdftex.def)             Requested size: 130.08731pt x 174.28996pt.
<./images/IDS-1-5-2.png, id=124, 235.00385pt x 381.06pt>
File: ./images/IDS-1-5-2.png Graphic file (type png)
<use ./images/IDS-1-5-2.png>
Package pdftex.def Info: ./images/IDS-1-5-2.png  used on input line 256.
(pdftex.def)             Requested size: 130.08731pt x 210.93842pt.
<./images/IDS-1-5-3.png, id=125, 231.97154pt x 318.89769pt>
File: ./images/IDS-1-5-3.png Graphic file (type png)
<use ./images/IDS-1-5-3.png>
Package pdftex.def Info: ./images/IDS-1-5-3.png  used on input line 258.
(pdftex.def)             Requested size: 130.08731pt x 178.83452pt.

Overfull \hbox (23.48431pt too wide) in paragraph at lines 254--259
[][]
 []


Overfull \hbox (23.48431pt too wide) in paragraph at lines 254--259
[]
 []


Overfull \hbox (23.48431pt too wide) in paragraph at lines 254--259
[] 
 []

[19 <./images/IDS-1-5-1.png> <./images/IDS-1-5-2.png> <./images/IDS-1-5-3.png>]
<./images/IDS-1-6.png, id=133, 501.34154pt x 500.33076pt>
File: ./images/IDS-1-6.png Graphic file (type png)
<use ./images/IDS-1-6.png>
Package pdftex.def Info: ./images/IDS-1-6.png  used on input line 266.
(pdftex.def)             Requested size: 347.609pt x 346.89952pt.
[20 <./images/IDS-1-6.png>]
<./images/IDS-2-1.png, id=138, 476.27937pt x 379.4175pt>
File: ./images/IDS-2-1.png Graphic file (type png)
<use ./images/IDS-2-1.png>
Package pdftex.def Info: ./images/IDS-2-1.png  used on input line 276.
(pdftex.def)             Requested size: 435.47157pt x 346.89952pt.

Overfull \hbox (1.85158pt too wide) in paragraph at lines 276--277
 [][] 
 []

[21 <./images/IDS-2-1.png>]
<./images/IDS-2-2.png, id=143, 687.82846pt x 357.8123pt>
File: ./images/IDS-2-2.png Graphic file (type png)
<use ./images/IDS-2-2.png>
Package pdftex.def Info: ./images/IDS-2-2.png  used on input line 284.
(pdftex.def)             Requested size: 477.9082pt x 248.60455pt.

Overfull \hbox (44.28821pt too wide) in paragraph at lines 284--285
 [][] 
 []

[22 <./images/IDS-2-2.png>]
<./images/AStar-1-1.png, id=148, 402.28615pt x 541.77231pt>
File: ./images/AStar-1-1.png Graphic file (type png)
<use ./images/AStar-1-1.png>
Package pdftex.def Info: ./images/AStar-1-1.png  used on input line 297.
(pdftex.def)             Requested size: 321.98894pt x 433.61998pt.
 [23 <./images/AStar-1-1.png>]
<./images/AStar-1-2.png, id=153, 248.93pt x 642.90187pt>
File: ./images/AStar-1-2.png Graphic file (type png)
<use ./images/AStar-1-2.png>
Package pdftex.def Info: ./images/AStar-1-2.png  used on input line 305.
(pdftex.def)             Requested size: 167.90274pt x 433.61998pt.
 [24 <./images/AStar-1-2.png>]
<./images/AStar-1-3.png, id=158, 216.81pt x 541.77231pt>
File: ./images/AStar-1-3.png Graphic file (type png)
<use ./images/AStar-1-3.png>
Package pdftex.def Info: ./images/AStar-1-3.png  used on input line 313.
(pdftex.def)             Requested size: 173.53424pt x 433.61998pt.
 [25 <./images/AStar-1-3.png>]
<./images/AStar-1-4.png, id=164, 338.76563pt x 384.43625pt>
File: ./images/AStar-1-4.png Graphic file (type png)
<use ./images/AStar-1-4.png>
Package pdftex.def Info: ./images/AStar-1-4.png  used on input line 321.
(pdftex.def)             Requested size: 382.13387pt x 433.61998pt.
 [26 <./images/AStar-1-4.png>]
<./images/AStar-2-1.png, id=169, 481.12616pt x 536.71846pt>
File: ./images/AStar-2-1.png Graphic file (type png)
<use ./images/AStar-2-1.png>
Package pdftex.def Info: ./images/AStar-2-1.png  used on input line 331.
(pdftex.def)             Requested size: 388.7263pt x 433.61998pt.
 [27 <./images/AStar-2-1.png>]
<./images/AStar-2-2.png, id=174, 256.45813pt x 531.9875pt>
File: ./images/AStar-2-2.png Graphic file (type png)
<use ./images/AStar-2-2.png>
Package pdftex.def Info: ./images/AStar-2-2.png  used on input line 338.
(pdftex.def)             Requested size: 209.04086pt x 433.61998pt.
 [28 <./images/AStar-2-2.png>]
<./images/AStar-2-3.png, id=179, 254.9525pt x 635.37375pt>
File: ./images/AStar-2-3.png Graphic file (type png)
<use ./images/AStar-2-3.png>
Package pdftex.def Info: ./images/AStar-2-3.png  used on input line 345.
(pdftex.def)             Requested size: 174.00339pt x 433.61998pt.
 [29 <./images/AStar-2-3.png>]
<./images/AStar-2-4.png, id=184, 251.43938pt x 644.4075pt>
File: ./images/AStar-2-4.png Graphic file (type png)
<use ./images/AStar-2-4.png>
Package pdftex.def Info: ./images/AStar-2-4.png  used on input line 352.
(pdftex.def)             Requested size: 169.20013pt x 433.61998pt.
[30 <./images/AStar-2-4.png>]
<./images/AStar-2-5-1.png, id=189, 257.96375pt x 797.98125pt>
File: ./images/AStar-2-5-1.png Graphic file (type png)
<use ./images/AStar-2-5-1.png>
Package pdftex.def Info: ./images/AStar-2-5-1.png  used on input line 358.
(pdftex.def)             Requested size: 149.52066pt x 462.52975pt.
<./images/AStar-2-5-2.png, id=190, 242.40562pt x 457.71pt>
File: ./images/AStar-2-5-2.png Graphic file (type png)
<use ./images/AStar-2-5-2.png>
Package pdftex.def Info: ./images/AStar-2-5-2.png  used on input line 360.
(pdftex.def)             Requested size: 244.96828pt x 462.52975pt.

Overfull \hbox (208.35391pt too wide) in paragraph at lines 358--361
[][] [] 
 []

<./images/AStar-2-6.png, id=191, 884.30376pt x 34.62938pt>
File: ./images/AStar-2-6.png Graphic file (type png)
<use ./images/AStar-2-6.png>
Package pdftex.def Info: ./images/AStar-2-6.png  used on input line 365.
(pdftex.def)             Requested size: 433.62pt x 16.98068pt.
[31 <./images/AStar-2-5-1.png> <./images/AStar-2-5-2.png> <./images/AStar-2-6.p
ng>]
<./images/Results-1.png, id=199, 779.67197pt x 351.32715pt>
File: ./images/Results-1.png Graphic file (type png)
<use ./images/Results-1.png>
Package pdftex.def Info: ./images/Results-1.png  used on input line 373.
(pdftex.def)             Requested size: 433.62pt x 195.39629pt.
<./images/Results-2.png, id=200, 569.71971pt x 351.32715pt>
File: ./images/Results-2.png Graphic file (type png)
<use ./images/Results-2.png>
Package pdftex.def Info: ./images/Results-2.png  used on input line 377.
(pdftex.def)             Requested size: 325.215pt x 200.55875pt.
 [32 <./images/Results-1.png> <./images/Results-2.png>]
<./images/Results-Plot.png, id=206, 627.7854pt x 406.1574pt>
File: ./images/Results-Plot.png Graphic file (type png)
<use ./images/Results-Plot.png>
Package pdftex.def Info: ./images/Results-Plot.png  used on input line 384.
(pdftex.def)             Requested size: 446.8132pt x 289.07999pt.

Overfull \hbox (13.1932pt too wide) in paragraph at lines 384--385
 [][] 
 []

[33 <./images/Results-Plot.png>]
<./images/Extras-1.png, id=211, 477.28313pt x 117.94063pt>
File: ./images/Extras-1.png Graphic file (type png)
<use ./images/Extras-1.png>
Package pdftex.def Info: ./images/Extras-1.png  used on input line 398.
(pdftex.def)             Requested size: 433.62pt x 107.14975pt.
<./images/Extras-2.png, id=212, 892.50923pt x 114.7223pt>
File: ./images/Extras-2.png Graphic file (type png)
<use ./images/Extras-2.png>
Package pdftex.def Info: ./images/Extras-2.png  used on input line 403.
(pdftex.def)             Requested size: 433.62pt x 55.73651pt.
 [34 <./images/Extras-1.png> <./images/Extras-2.png>]
<./images/Extras-3.png, id=218, 480.62077pt x 126.85153pt>
File: ./images/Extras-3.png Graphic file (type png)
<use ./images/Extras-3.png>
Package pdftex.def Info: ./images/Extras-3.png  used on input line 413.
(pdftex.def)             Requested size: 433.62pt x 114.45178pt.
<./images/Extras-4-1.png, id=219, 192.55154pt x 322.43538pt>
File: ./images/Extras-4-1.png Graphic file (type png)
<use ./images/Extras-4-1.png>
Package pdftex.def Info: ./images/Extras-4-1.png  used on input line 418.
(pdftex.def)             Requested size: 151.76964pt x 254.14551pt.
<./images/Extras-4-2.png, id=220, 219.33693pt x 220.34769pt>
File: ./images/Extras-4-2.png Graphic file (type png)
<use ./images/Extras-4-2.png>
Package pdftex.def Info: ./images/Extras-4-2.png  used on input line 420.
(pdftex.def)             Requested size: 216.81pt x 217.81537pt.

Overfull \hbox (182.44461pt too wide) in paragraph at lines 418--421
[][] [] 
 []

[35 <./images/Extras-3.png> <./images/Extras-4-1.png> <./images/Extras-4-2.png>
]
<./images/Extras-5.png, id=227, 390.45876pt x 457.71pt>
File: ./images/Extras-5.png Graphic file (type png)
<use ./images/Extras-5.png>
Package pdftex.def Info: ./images/Extras-5.png  used on input line 427.
(pdftex.def)             Requested size: 246.61589pt x 289.07999pt.
 [36 <./images/Extras-5.png>]
<./images/State-0.png, id=232, 53.06538pt x 56.60307pt>
File: ./images/State-0.png Graphic file (type png)
<use ./images/State-0.png>
Package pdftex.def Info: ./images/State-0.png  used on input line 439.
(pdftex.def)             Requested size: 58.53632pt x 62.44147pt.
<./images/State-1.png, id=233, 49.68562pt x 55.70813pt>
File: ./images/State-1.png Graphic file (type png)
<use ./images/State-1.png>
Package pdftex.def Info: ./images/State-1.png  used on input line 439.
(pdftex.def)             Requested size: 58.53632pt x 65.63385pt.
<./images/State-2.png, id=234, 57.21375pt x 53.19875pt>
File: ./images/State-2.png Graphic file (type png)
<use ./images/State-2.png>
Package pdftex.def Info: ./images/State-2.png  used on input line 439.
(pdftex.def)             Requested size: 58.53632pt x 54.43083pt.
<./images/State-3.png, id=235, 49.68562pt x 56.21pt>
File: ./images/State-3.png Graphic file (type png)
<use ./images/State-3.png>
Package pdftex.def Info: ./images/State-3.png  used on input line 439.
(pdftex.def)             Requested size: 58.53632pt x 66.22514pt.
<./images/State-4.png, id=236, 46.67438pt x 55.70813pt>
File: ./images/State-4.png Graphic file (type png)
<use ./images/State-4.png>
Package pdftex.def Info: ./images/State-4.png  used on input line 441.
(pdftex.def)             Requested size: 58.53632pt x 69.86873pt.
<./images/State-5.png, id=237, 50.1875pt x 57.21375pt>
File: ./images/State-5.png Graphic file (type png)
<use ./images/State-5.png>
Package pdftex.def Info: ./images/State-5.png  used on input line 441.
(pdftex.def)             Requested size: 58.53632pt x 66.73637pt.
<./images/State-6.png, id=238, 47.17625pt x 54.2025pt>
File: ./images/State-6.png Graphic file (type png)
<use ./images/State-6.png>
Package pdftex.def Info: ./images/State-6.png  used on input line 441.
(pdftex.def)             Requested size: 58.53632pt x 67.25423pt.
<./images/State-7.png, id=239, 49.68562pt x 54.70438pt>
File: ./images/State-7.png Graphic file (type png)
<use ./images/State-7.png>
Package pdftex.def Info: ./images/State-7.png  used on input line 441.
(pdftex.def)             Requested size: 58.53632pt x 64.45125pt.
<./images/State-8.png, id=240, 51.19125pt x 54.2025pt>
File: ./images/State-8.png Graphic file (type png)
<use ./images/State-8.png>
Package pdftex.def Info: ./images/State-8.png  used on input line 443.
(pdftex.def)             Requested size: 58.53632pt x 61.98335pt.
<./images/State-9.png, id=241, 53.19875pt x 59.22125pt>
File: ./images/State-9.png Graphic file (type png)
<use ./images/State-9.png>
Package pdftex.def Info: ./images/State-9.png  used on input line 443.
(pdftex.def)             Requested size: 58.53632pt x 65.16704pt.
<./images/State-10.png, id=242, 50.1875pt x 54.70438pt>
File: ./images/State-10.png Graphic file (type png)
<use ./images/State-10.png>
Package pdftex.def Info: ./images/State-10.png  used on input line 443.
(pdftex.def)             Requested size: 58.53632pt x 63.80934pt.
<./images/State-11.png, id=243, 49.68562pt x 54.2025pt>
File: ./images/State-11.png Graphic file (type png)
<use ./images/State-11.png>
Package pdftex.def Info: ./images/State-11.png  used on input line 443.
(pdftex.def)             Requested size: 58.53632pt x 63.85995pt.
<./images/State-12.png, id=244, 50.1875pt x 54.70438pt>
File: ./images/State-12.png Graphic file (type png)
<use ./images/State-12.png>
Package pdftex.def Info: ./images/State-12.png  used on input line 445.
(pdftex.def)             Requested size: 58.53632pt x 63.80934pt.
<./images/State-13.png, id=245, 51.19125pt x 57.71562pt>
File: ./images/State-13.png Graphic file (type png)
<use ./images/State-13.png>
Package pdftex.def Info: ./images/State-13.png  used on input line 445.
(pdftex.def)             Requested size: 58.53632pt x 66.0008pt.
<./images/State-14.png, id=246, 54.2025pt x 53.19875pt>
File: ./images/State-14.png Graphic file (type png)
<use ./images/State-14.png>
Package pdftex.def Info: ./images/State-14.png  used on input line 445.
(pdftex.def)             Requested size: 58.53632pt x 57.4554pt.
<./images/State-15.png, id=247, 50.1875pt x 55.70813pt>
File: ./images/State-15.png Graphic file (type png)
<use ./images/State-15.png>
Package pdftex.def Info: ./images/State-15.png  used on input line 445.
(pdftex.def)             Requested size: 58.53632pt x 64.98016pt.
<./images/State-16.png, id=248, 50.1875pt x 54.70438pt>
File: ./images/State-16.png Graphic file (type png)
<use ./images/State-16.png>
Package pdftex.def Info: ./images/State-16.png  used on input line 447.
(pdftex.def)             Requested size: 58.53632pt x 63.80934pt.
<./images/State-17.png, id=249, 48.68187pt x 54.2025pt>
File: ./images/State-17.png Graphic file (type png)
<use ./images/State-17.png>
Package pdftex.def Info: ./images/State-17.png  used on input line 447.
(pdftex.def)             Requested size: 58.53632pt x 65.17665pt.
<./images/State-18.png, id=250, 51.19125pt x 53.19875pt>
File: ./images/State-18.png Graphic file (type png)
<use ./images/State-18.png>
Package pdftex.def Info: ./images/State-18.png  used on input line 447.
(pdftex.def)             Requested size: 58.53632pt x 60.83551pt.
<./images/State-19.png, id=251, 51.19125pt x 53.19875pt>
File: ./images/State-19.png Graphic file (type png)
<use ./images/State-19.png>
Package pdftex.def Info: ./images/State-19.png  used on input line 447.
(pdftex.def)             Requested size: 58.53632pt x 60.83551pt.
<./images/State-20.png, id=252, 51.69313pt x 57.71562pt>
File: ./images/State-20.png Graphic file (type png)
<use ./images/State-20.png>
Package pdftex.def Info: ./images/State-20.png  used on input line 453.
(pdftex.def)             Requested size: 58.53632pt x 65.3579pt.
 [37 <./images/State-0.png> <./images/State-1.png> <./images/State-2.png> <./im
ages/State-3.png> <./images/State-4.png> <./images/State-5.png> <./images/State
-6.png> <./images/State-7.png> <./images/State-8.png> <./images/State-9.png> <.
/images/State-10.png> <./images/State-11.png> <./images/State-12.png> <./images
/State-13.png> <./images/State-14.png> <./images/State-15.png> <./images/State-
16.png> <./images/State-17.png> <./images/State-18.png> <./images/State-19.png>
 <./images/State-20.png>]
("C:\Program Files\MiKTeX 2.9\tex/latex/listings\lstlang1.sty"
File: lstlang1.sty 2019/02/27 1.8b listings language file
)
LaTeX Font Info:    Try loading font information for OT1+lmtt on input line 463
.

("C:\Program Files\MiKTeX 2.9\tex/latex/lm\ot1lmtt.fd"
File: ot1lmtt.fd 2009/10/30 v1.6 Font defs for Latin Modern
)
LaTeX Font Info:    Font shape `OT1/lmtt/bx/n' in size <10> not available
(Font)              Font shape `OT1/lmtt/b/n' tried instead on input line 464.
 [38] [39] [40] [41]
[42] [43] [44] [45] [46] [47] [48] [49] [50] [51] [52] [53] [54] [55] [56]
[57] [58] [59] [60] (comp2208-cwk-report.aux) ) 
Here is how much of TeX's memory you used:
 6049 strings out of 492945
 84888 string characters out of 3135519
 512241 words of memory out of 3000000
 9774 multiletter control sequences out of 15000+200000
 47041 words of font info for 43 fonts, out of 3000000 for 9000
 1141 hyphenation exceptions out of 8191
 37i,12n,43p,829b,1808s stack positions out of 5000i,500n,10000p,200000b,50000s
{C:/Program Files/MiKTeX 2.9/fon
ts/enc/dvips/lm/lm-mathit.enc}{C:/Program Files/MiKTeX 2.9/fonts/enc/dvips/lm/l
m-rmtt.enc}{C:/Program Files/MiKTeX 2.9/fonts/enc/dvips/lm/lm-mathsy.enc}{C:/Pr
ogram Files/MiKTeX 2.9/fonts/enc/dvips/lm/lm-rm.enc}<C:/Program Files/MiKTeX 2.
9/fonts/type1/public/lm/lmbx10.pfb><C:/Program Files/MiKTeX 2.9/fonts/type1/pub
lic/lm/lmbx12.pfb><C:/Program Files/MiKTeX 2.9/fonts/type1/public/lm/lmmi10.pfb
><C:/Program Files/MiKTeX 2.9/fonts/type1/public/lm/lmr10.pfb><C:/Program Files
/MiKTeX 2.9/fonts/type1/public/lm/lmr12.pfb><C:/Program Files/MiKTeX 2.9/fonts/
type1/public/lm/lmr17.pfb><C:/Program Files/MiKTeX 2.9/fonts/type1/public/lm/lm
sy10.pfb><C:/Program Files/MiKTeX 2.9/fonts/type1/public/lm/lmtk10.pfb><C:/Prog
ram Files/MiKTeX 2.9/fonts/type1/public/lm/lmtt10.pfb><C:/Program Files/MiKTeX 
2.9/fonts/type1/public/lm/lmtti10.pfb>
Output written on comp2208-cwk-report.pdf (60 pages, 3055648 bytes).
PDF statistics:
 392 PDF objects out of 1000 (max. 8388607)
 0 named destinations out of 1000 (max. 500000)
 381 words of extra memory for PDF output out of 10000 (max. 10000000)

